-------------------------------------------------------------------------

	SOLVER SETTINGS
		  maxparticles----> 755604
		   formulation----> formulation_rVPM
		       viscous----> (Symbol("*userfunction"), "FLOWVPM.Inviscid{Float64}(0.0)")
		        kernel----> gaussianerf
		            UJ----> UJ_fmm
		          Uinf----> (Symbol("*userfunction"), "#152")
		           SFS----> (Symbol("*userfunction"), "FLOWVPM.DynamicSFS{Float64, typeof(FLOWVPM.Estr_fmm), typeof(FLOWVPM.dynamicprocedure_pseudo3level_beforeUJ), typeof(FLOWVPM.pseudo3level_positive_afterUJ), Vector{Function}, Vector{typeof(FLOWVPM.clipping_backscatter)}}(FLOWVPM.Estr_fmm, FLOWVPM.dynamicprocedure_pseudo3level_beforeUJ, FLOWVPM.pseudo3level_positive_afterUJ, Function[FLOWVPM.control_directional, FLOWVPM.control_magnitude], [FLOWVPM.clipping_backscatter], 0.999, 0.005, 0.0, 1.0)")
		   integration----> euler
		    transposed----> true
		    relaxation----> pedrizzetti
		           fmm----> FLOWVPM.FMM(4, 10, 0.5, true, 0.001, 0.001, true, true, true, 1.0, 3)
		        useGPU----> 0

	SIMULATION SETTINGS
		dt:			0.002
		Runtime function:	Yes
		Static particles:	Yes
		nsteps_save:		1

-------------------------------------------------------------------------
*************************************************************************
START /home/dysco/FLOWUnsteady/VarFLEXI-rVPM-Fenics/fluid-rvpm/fluid-result/shedding_wing_pfield
	2026-01-05T16:55:54.270
*************************************************************************
	Time step 0 out of 2500	Particles: 0
